[www.aprendekids.com/educacion2025.html]
[www.aprendekids.com/6010875/6588ca957e168_faviconkids.png]
[backblue.gif]
[fade.gif]
[index.html]
[d3fit27i5nzkqh.cloudfront.net/assets/css/all.min.css]
[www.statcounter.com/counter/counter.js]
[connect.facebook.net/en_US/fbevents.js]
[static.elfsight.com/platform/platform.js]
[images.converteai.net/87bbc7c3-60bb-42be-a966-b06562928158/players/67317eba79f0c9000af9ca58/thumbnail.jpg]
[scripts.converteai.net/87bbc7c3-60bb-42be-a966-b06562928158/players/67317eba79f0c9000af9ca58/player.js]
[d1yei2z3i6k35z.cloudfront.net/6010875/66d936b297ab3_1.png]
[d1yei2z3i6k35z.cloudfront.net/6010875/66d936bc235a3_2.png]
[d1yei2z3i6k35z.cloudfront.net/6010875/66d936d499f81_5.png]
[d1yei2z3i6k35z.cloudfront.net/6010875/66d936cca1267_4.png]
[d1yei2z3i6k35z.cloudfront.net/6010875/66d936e1b3945_6.png]
[d1yei2z3i6k35z.cloudfront.net/5895734/6574666b53ed6_scrnli_9_12_2023_08-06-43.png]
[d1yei2z3i6k35z.cloudfront.net/6010875/66975b7b2edcf_noalusocelular.png]
[d1yei2z3i6k35z.cloudfront.net/6010875/658d313fbd6a0_6575ab192827d_MOTRICIDAD-GIF.gif]
[d1yei2z3i6k35z.cloudfront.net/6010875/658e37dd73ea9_hOY-TE-LO-1.png]
[d1yei2z3i6k35z.cloudfront.net/6010875/658d31506047d_6575ab3caed3c_ATENCION-Y-CONCENTRACION-GIF.gif]
[d1yei2z3i6k35z.cloudfront.net/5895734/6575ab5ce9ce5_RAZONAMIENTO-GIF.gif]
[d1yei2z3i6k35z.cloudfront.net/5895734/6575ab7e0e237_LECTOESCRITURA-GIF.gif]
[d1yei2z3i6k35z.cloudfront.net/6010875/667f05a44fe03_6574666b53ed6_scrnli_9_12_2023_08-06-43.png]
[d1yei2z3i6k35z.cloudfront.net/6010875/66a481744e6fd_scrnli_27_7_2024_12-11-08a-m-.png]
[d1yei2z3i6k35z.cloudfront.net/6010875/658d37beb1f07_dd7eed25-c985-4fb4-86ab-9b9dd7eb378c-150x150.jpg]
[d1yei2z3i6k35z.cloudfront.net/6010875/658d38c9a3dea_Ana-Morales.jpg]
[d1yei2z3i6k35z.cloudfront.net/6010875/658d393bd4f3c_Carlos-Mendez.jpg]
[d1yei2z3i6k35z.cloudfront.net/6010875/658d396c68960_Captura-de-pantalla-153-1.png]
[d33vglzdi1uj1c.cloudfront.net/runtime.fcec2b12e580bc95f635.js]
[d33vglzdi1uj1c.cloudfront.net/page.3e6d29427b1c139ac336.js]
[www.aprendekids.com/educacion2025.html]
[d3fit27i5nzkqh.cloudfront.net/assets/css/all.min.css]
[www.googletagmanager.com/gtm5445.html]
[d33vglzdi1uj1c.cloudfront.net/vendors_page.2db090b28d043ba813c7.js]
[www.aprendekids.com/a.1e.delayed]
[www.aprendekids.com/post.20.delayed]
[www.aprendekids.com/schema.org/index.html]
[www.aprendekids.com/b.resolvedlink]
[www.aprendekids.com/index.html]
[www.aprendekids.com/signals/iwl.js]
[connect.facebook.net/en_US/fbevents.js]
[d33vglzdi1uj1c.cloudfront.net/runtime.fcec2b12e580bc95f635.js]
[www.aprendekids.com/${e}]
[www.aprendekids.com/assets/images/videoplaceholderbg.png]
[www.aprendekids.com/${o.path}]
[www.aprendekids.com/${r.path}]
[www.aprendekids.com/window.location.href]
[www.aprendekids.com/${e.imagesrc}]
[www.aprendekids.com/assets/images/blog_post_list_image_placeholder.jpg]
[d3fit27i5nzkqh.cloudfront.net/assets/images/blog_post_list_image_placeholder.jpg]
[www.aprendekids.com/${e.path}]
[www.aprendekids.com/${e=]
[www.aprendekids.com/${m.path}]
[www.aprendekids.com/${c.path}]
[d3fit27i5nzkqh.cloudfront.net/assets/images/checked.png]
[www.aprendekids.com/e.url,window.location.origin]
[www.aprendekids.com/e,t]
[www.aprendekids.com/e]
[www.aprendekids.com/t]
[www.aprendekids.com/e,a(t]
[connect.facebook.net/en_US/sdk.js]
[js.xendit.co/v1/xendit.min.js]
[www.paypalobjects.com/api/checkout.min.js]
[checkout.razorpay.com/v1/checkout.js]
[www.aprendekids.com/Ανακατεύθυνση στο/indexd41d.html]
[www.aprendekids.com/रिडायरेक्ट करें/indexd41d.html]
[www.aprendekids.com/Átirányítás ide_/indexd41d.html]
[www.aprendekids.com/index0054.html]
[www.aprendekids.com/doorverwijzen naar/indexd41d.html]
[www.aprendekids.com/Перенаправить на/indexd41d.html]
[d33vglzdi1uj1c.cloudfront.net/page.3e6d29427b1c139ac336.js]
[www.aprendekids.com/Преусмери на/indexd41d.html]
[www.aprendekids.com/เปลี่ยนเส้นทางไปที่/indexd41d.html]
[www.aprendekids.com/yönlendirilsin mi/indexd41d.html]
[www.aprendekids.com/Переспрямувати на/indexd41d.html]
[www.aprendekids.com/重定向到/indexd41d.html]
[www.aprendekids.com/jsdom/index.html]
[www.aprendekids.com/failed to load mercadopago.js]
[www.aprendekids.com/js/client.min.js]
[www.aprendekids.com/js/paypal-checkout.min.js]
[d33vglzdi1uj1c.cloudfront.net/vendors_page.2db090b28d043ba813c7.js]
[www.aprendekids.com/a.html]
[www.aprendekids.com/post.html]
[www.aprendekids.com/schema.org/index.html]
[d1yei2z3i6k35z.cloudfront.net/161/61e9a8c962072_fakurian-design-dQDDMWgvotg-unsplash.jpg]
[d1yei2z3i6k35z.cloudfront.net/161/61ea943175866_fakurian-design-nY14Fs8pxT8-unsplash.jpg]
[d1yei2z3i6k35z.cloudfront.net/161/61ea9707c9125_fakurian-design-E8Ufcyxz514-unsplash.jpg]
[d1yei2z3i6k35z.cloudfront.net/161/61ea976863b3c_fakurian-design-PjG_SXDkpwQ-unsplash.jpg]
[d1yei2z3i6k35z.cloudfront.net/161/61fa4bfcad8a8_Group85.png]
[d1yei2z3i6k35z.cloudfront.net/161/6290dfd062494_logo-white.png]
[www.aprendekids.com/not-found.html]
[d6r6gym8ueyux.cloudfront.net/runtimeSimplePage.205fb4b26a2ab467c913.js]
[d6r6gym8ueyux.cloudfront.net/simplePage.639371413ec22170b2c3.js]
[www.aprendekids.com/index.html]
[www.aprendekids.com/b.html]
[www.aprendekids.com/signals/iwl.html]
[www.aprendekids.com/${e}.html]
[www.aprendekids.com/assets/images/videoplaceholderbg.html]
[www.aprendekids.com/${o.html]
[www.aprendekids.com/${r.html]
[www.aprendekids.com/window.location.html]
[www.aprendekids.com/${e.html]
[www.aprendekids.com/assets/images/blog_post_list_image_placeholder.html]
[www.aprendekids.com/${e-2.html]
[www.aprendekids.com/${e=.html]
[www.aprendekids.com/${m.html]
[www.aprendekids.com/${c.html]
[www.aprendekids.com/e.url,window.location.html]
[www.aprendekids.com/e,t.html]
[www.aprendekids.com/e.html]
[www.aprendekids.com/t.html]
[www.aprendekids.com/e,a(t.html]
[connect.facebook.net/en_US/sdk.js]
[www.aprendekids.com/Přesměrovat na/indexd41d.html]
[www.aprendekids.com/Omdiriger til/indexd41d.html]
[www.aprendekids.com/Weiterleiten an/indexd41d.html]
[www.aprendekids.com/omdiriger til/index.html]
[www.aprendekids.com/Ανακατεύθυνση στο/indexd41d.html]
[www.aprendekids.com/Redirect to/indexd41d.html]
[www.aprendekids.com/přesměrovat na/index.html]
[www.aprendekids.com/Redirigir a/indexd41d.html]
[www.aprendekids.com/weiterleiten an/index.html]
[www.aprendekids.com/Oups ! Une erreur est survenue _-/index.html]
[d6r6gym8ueyux.cloudfront.net/vendors_simplePage.29c1e2317e8e6d57e523.js]
[www.aprendekids.com/Rediriger vers/indexd41d.html]
[www.aprendekids.com/redirect to/index.html]
[www.aprendekids.com/रिडायरेक्ट करें/indexd41d.html]
[www.aprendekids.com/Átirányítás ide_/indexd41d.html]
[www.aprendekids.com/Dialihkan ke/indexd41d.html]
[www.aprendekids.com/redirigir a/index.html]
[www.aprendekids.com/Reindirizza a/indexd41d.html]
[www.aprendekids.com/oups ! une erreur est survenue _-/index-2.html]
[www.aprendekids.com/index0054.html]
[www.aprendekids.com/doorverwijzen naar/indexd41d.html]
[www.aprendekids.com/Omdirigere til/indexd41d.html]
[www.aprendekids.com/rediriger vers/index.html]
[www.aprendekids.com/Przekierować do/indexd41d.html]
[www.aprendekids.com/reindirizza a/index.html]
[www.aprendekids.com/Redirecionar para/indexd41d.html]
[www.aprendekids.com/dialihkan ke/index.html]
[www.aprendekids.com/omdirigere til/index.html]
[www.aprendekids.com/Redirecționează către/indexd41d.html]
[www.aprendekids.com/Перенаправить на/indexd41d.html]
[www.aprendekids.com/Presmerovať na/indexd41d.html]
[www.aprendekids.com/przekierować do/index.html]
[www.aprendekids.com/Preusmeri na/indexd41d.html]
[www.aprendekids.com/redirecionar para/index.html]
[www.aprendekids.com/Ridrejto te/indexd41d.html]
[www.aprendekids.com/presmerovať na/index.html]
[www.aprendekids.com/redirecționează către/index.html]
[www.aprendekids.com/Преусмери на/indexd41d.html]
[www.aprendekids.com/Omdirigera till/indexd41d.html]
[www.aprendekids.com/เปลี่ยนเส้นทางไปที่/indexd41d.html]
[www.aprendekids.com/yönlendirilsin mi/indexd41d.html]
[www.aprendekids.com/Переспрямувати на/indexd41d.html]
[www.aprendekids.com/重定向到/indexd41d.html]
[www.aprendekids.com/jsdom/index.html]
[www.aprendekids.com/failed to load mercadopago.html]
[www.aprendekids.com/js/client.min.html]
[www.aprendekids.com/js/paypal-checkout.min.html]
[www.aprendekids.com/preusmeri na/index.html]
[www.aprendekids.com/ridrejto te/index.html]
[www.aprendekids.com/ABCDEFGHIJKLMNOPQRSTUVWXYZabcdefghijklmnopqrstuvwxyz0123456789+/index.html]
[www.aprendekids.com/omdirigera till/index.html]
[www.aprendekids.com/161/60a777c6b6c23_60a777c6b6c22_favicon.png]
[d1yei2z3i6k35z.cloudfront.net/161/623653cb21b34_f404w.png]
[d1yei2z3i6k35z.cloudfront.net/161/623cdcc162cd4_404m1.png]
[d1yei2z3i6k35z.cloudfront.net/161/6093bf5960c6b_image10.png]
[d1yei2z3i6k35z.cloudfront.net/161/608fc91216ccd_Home-Final.png]
[d1yei2z3i6k35z.cloudfront.net/161/6225151a5798f_404.png]
[d1yei2z3i6k35z.cloudfront.net/161/61c04e6ad6420_social-4.png]
[d1yei2z3i6k35z.cloudfront.net/161/61c04e7d46ba5_social-3.png]
[d1yei2z3i6k35z.cloudfront.net/161/62345b1325151_social-2.png]
[d1yei2z3i6k35z.cloudfront.net/161/61c04e8b2ca31_social-1.png]
[d1yei2z3i6k35z.cloudfront.net/161/61c04ec29edf1_social.png]
[www.aprendekids.com/not-found.html]
[d6r6gym8ueyux.cloudfront.net/runtimeSimplePage.205fb4b26a2ab467c913.js]
[www.aprendekids.com/${p.path}]
[www.aprendekids.com/e,i(t]
[www.aprendekids.com/${l.path}]
[d6r6gym8ueyux.cloudfront.net/simplePage.639371413ec22170b2c3.js]
[www.aprendekids.com/${i}]
[api.dmcdn.net/all.js]
[cdn.embed.ly/player-0.1.0.min.js]
[d6r6gym8ueyux.cloudfront.net/vendors_simplePage.29c1e2317e8e6d57e523.js]
[www.aprendekids.com/přesměrovat na/index.html]
[www.aprendekids.com/omdiriger til/index.html]
[www.aprendekids.com/weiterleiten an/index.html]
[www.aprendekids.com/redirect to/index.html]
[www.aprendekids.com/redirigir a/index.html]
[www.aprendekids.com/oups ! une erreur est survenue _-/index-2.html]
[www.aprendekids.com/rediriger vers/index.html]
[www.aprendekids.com/dialihkan ke/index.html]
[www.aprendekids.com/reindirizza a/index.html]
[www.aprendekids.com/omdirigere til/index.html]
[www.aprendekids.com/przekierować do/index.html]
[www.aprendekids.com/redirecionar para/index.html]
[www.aprendekids.com/redirecționează către/index.html]
[www.aprendekids.com/presmerovať na/index.html]
[www.aprendekids.com/preusmeri na/index.html]
[www.aprendekids.com/ridrejto te/index.html]
[www.aprendekids.com/omdirigera till/index.html]
[www.aprendekids.com/ABCDEFGHIJKLMNOPQRSTUVWXYZabcdefghijklmnopqrstuvwxyz0123456789+/index.html]
[www.aprendekids.com/161/60a777c6b6c23_60a777c6b6c22_favicon.html]
[www.aprendekids.com/${p.html]
[www.aprendekids.com/e,i(t.html]
[www.aprendekids.com/${l.html]
[www.aprendekids.com/${i}.html]
[api.dmcdn.net/all.js]
[widget.mixcloud.com/media/js/widgetApi.js]
